19:32:54.835 INFO [main] org.lenskit.cli.Main: Starting LensKit 3.0-M2 on Java 1.8.0_144 from Oracle Corporation
19:32:54.863 DEBUG [main] org.lenskit.LenskitInfo: have 5655 active revisions
19:32:54.868 DEBUG [main] org.lenskit.cli.Main: Built from Git revision 0c68ad209f38816e66497a656f777a3c1484778d
19:32:54.868 DEBUG [main] org.lenskit.cli.Main: Using VM 'Java HotSpot(TM) 64-Bit Server VM' version 25.144-b01 from Oracle Corporation
19:32:54.869 INFO [main] org.lenskit.cli.Main: Have 4 processors and heap limit of 3641 MiB
19:32:54.881 INFO [main] org.lenskit.cli.util.RecommenderLoader: creating fresh recommender
19:32:55.229 INFO [main] org.lenskit.config.ConfigurationLoader: loading script from file:/Users/akashkulkarni/ResearchCode/MatrixFactorization/svd-assignment/etc/svd.groovy
19:32:55.633 INFO [main] org.lenskit.config.ConfigurationLoader: loading script from file:/Users/akashkulkarni/ResearchCode/MatrixFactorization/svd-assignment/etc/user-item-bias.groovy
19:32:55.935 DEBUG [main] org.lenskit.data.dao.file.TextEntitySource: loading source ratings with base URI file:/Users/akashkulkarni/ResearchCode/MatrixFactorization/svd-assignment/data/movielens.yml
19:32:55.936 DEBUG [main] org.lenskit.data.dao.file.TextEntitySource: resolved file URI: file:/Users/akashkulkarni/ResearchCode/MatrixFactorization/svd-assignment/data/ratings.csv
19:32:55.943 INFO [main] org.lenskit.data.dao.file.TextEntitySource: loading text file source ratings to read from file:/Users/akashkulkarni/ResearchCode/MatrixFactorization/svd-assignment/data/ratings.csv
19:32:55.949 DEBUG [main] org.lenskit.data.dao.file.TextEntitySource: ratings: using delimiter ,
19:32:55.949 DEBUG [main] org.lenskit.data.dao.file.TextEntitySource: ratings: reading header
19:32:55.949 DEBUG [main] org.lenskit.data.dao.file.TextEntitySource: ratings: reading entities of type EntityType[rating]
19:32:55.999 DEBUG [main] org.lenskit.data.dao.file.TextEntitySource: class org.lenskit.data.ratings.RatingBuilder: using entity builder {}
19:32:55.999 DEBUG [main] org.lenskit.data.dao.file.TextEntitySource: loading source movies with base URI file:/Users/akashkulkarni/ResearchCode/MatrixFactorization/svd-assignment/data/movielens.yml
19:32:55.999 DEBUG [main] org.lenskit.data.dao.file.TextEntitySource: resolved file URI: file:/Users/akashkulkarni/ResearchCode/MatrixFactorization/svd-assignment/data/movies.csv
19:32:55.999 INFO [main] org.lenskit.data.dao.file.TextEntitySource: loading text file source movies to read from file:/Users/akashkulkarni/ResearchCode/MatrixFactorization/svd-assignment/data/movies.csv
19:32:55.999 DEBUG [main] org.lenskit.data.dao.file.TextEntitySource: movies: using delimiter ,
19:32:55.999 DEBUG [main] org.lenskit.data.dao.file.TextEntitySource: movies: reading header
19:32:55.999 DEBUG [main] org.lenskit.data.dao.file.TextEntitySource: movies: reading entities of type EntityType[item]
19:32:55.999 DEBUG [main] org.lenskit.data.dao.file.TextEntitySource: class org.lenskit.data.entities.BasicEntityBuilder: using entity builder {}
19:32:56.000 DEBUG [main] org.lenskit.data.dao.file.TextEntitySource: loading source tags with base URI file:/Users/akashkulkarni/ResearchCode/MatrixFactorization/svd-assignment/data/movielens.yml
19:32:56.000 DEBUG [main] org.lenskit.data.dao.file.TextEntitySource: resolved file URI: file:/Users/akashkulkarni/ResearchCode/MatrixFactorization/svd-assignment/data/tags.csv
19:32:56.000 INFO [main] org.lenskit.data.dao.file.TextEntitySource: loading text file source tags to read from file:/Users/akashkulkarni/ResearchCode/MatrixFactorization/svd-assignment/data/tags.csv
19:32:56.000 DEBUG [main] org.lenskit.data.dao.file.TextEntitySource: tags: using delimiter ,
19:32:56.000 DEBUG [main] org.lenskit.data.dao.file.TextEntitySource: tags: reading header
19:32:56.000 DEBUG [main] org.lenskit.data.dao.file.TextEntitySource: tags: reading entities of type EntityType[item-tag]
19:32:56.000 DEBUG [main] org.lenskit.data.dao.file.TextEntitySource: class org.lenskit.data.entities.BasicEntityBuilder: using entity builder {}
19:32:56.005 DEBUG [main] org.lenskit.LenskitRecommenderEngineBuilder: building graph from 4 configurations
19:32:56.106 DEBUG [main] org.lenskit.inject.RecommenderInstantiator: replacing nodes in graph with 17 nodes
19:32:56.111 DEBUG [main] org.lenskit.inject.RecommenderInstantiator: found 7 shared nodes
19:32:59.885 INFO [main] org.lenskit.data.dao.file.StaticDataSource: deriving entity type EntityType[user] from EntityType[rating] (column TypedName[user: long])
19:33:00.022 INFO [main] org.lenskit.data.dao.file.StaticDataSource: deriving entity type EntityType[item] from EntityType[rating] (column TypedName[item: long])
19:33:00.078 DEBUG [main] org.lenskit.data.entities.EntityCollectionBuilder: built collection of 2500 entities with type EntityType[item] and 2 indexes
19:33:00.104 DEBUG [main] org.lenskit.data.entities.EntityCollectionBuilder: built collection of 264505 entities with type EntityType[rating] and 2 indexes
19:33:00.124 DEBUG [main] org.lenskit.data.entities.EntityCollectionBuilder: built collection of 94875 entities with type EntityType[item-tag] and 2 indexes
19:33:00.126 DEBUG [main] org.lenskit.data.entities.EntityCollectionBuilder: built collection of 862 entities with type EntityType[user] and 2 indexes
19:33:00.236 INFO [main] org.lenskit.data.ratings.RatingSummaryProvider: summarized 2500 items with 264505 ratings
19:33:00.552 INFO [main] org.lenskit.mooc.svd.SVDModelBuilder: creating 862 by 2500 rating matrix
19:33:00.659 INFO [main] org.lenskit.mooc.svd.SVDModelBuilder: factorizing matrix
19:34:02.630 INFO [main] org.lenskit.mooc.svd.SVDModelBuilder: decomposed matrix has rank 862
19:34:02.641 INFO [main] org.lenskit.mooc.svd.SVDModelBuilder: truncating matrix to 25 features
19:34:02.642 DEBUG [main] org.lenskit.inject.RecommenderInstantiator: final graph has 16 nodes
19:34:02.644 INFO [main] org.lenskit.cli.util.RecommenderLoader: built recommender in 1.111 min
19:34:02.648 INFO [main] org.lenskit.cli.commands.Predict: predicting 4 items
19:34:02.654 INFO [main] org.lenskit.cli.commands.Predict: predicted for 4 items in 6.122 ms
19:34:02.655 INFO [main] org.lenskit.cli.Main: If you use LensKit in published research, please see http://lenskit.org/research/
