17:58:36.469 INFO [main] org.lenskit.cli.Main: Starting LensKit 3.0-M2 on Java 1.8.0_144 from Oracle Corporation
17:58:36.502 DEBUG [main] org.lenskit.LenskitInfo: have 5655 active revisions
17:58:36.511 DEBUG [main] org.lenskit.cli.Main: Built from Git revision 0c68ad209f38816e66497a656f777a3c1484778d
17:58:36.511 DEBUG [main] org.lenskit.cli.Main: Using VM 'Java HotSpot(TM) 64-Bit Server VM' version 25.144-b01 from Oracle Corporation
17:58:36.511 INFO [main] org.lenskit.cli.Main: Have 4 processors and heap limit of 3641 MiB
17:58:36.530 INFO [main] org.lenskit.cli.util.RecommenderLoader: creating fresh recommender
17:58:36.813 INFO [main] org.lenskit.config.ConfigurationLoader: loading script from file:/Users/akashkulkarni/ResearchCode/MatrixFactorization/svd-assignment/etc/svd.groovy
17:58:37.179 INFO [main] org.lenskit.config.ConfigurationLoader: loading script from file:/Users/akashkulkarni/ResearchCode/MatrixFactorization/svd-assignment/etc/user-item-bias.groovy
17:58:37.365 DEBUG [main] org.lenskit.data.dao.file.TextEntitySource: loading source ratings with base URI file:/Users/akashkulkarni/ResearchCode/MatrixFactorization/svd-assignment/data/movielens.yml
17:58:37.365 DEBUG [main] org.lenskit.data.dao.file.TextEntitySource: resolved file URI: file:/Users/akashkulkarni/ResearchCode/MatrixFactorization/svd-assignment/data/ratings.csv
17:58:37.372 INFO [main] org.lenskit.data.dao.file.TextEntitySource: loading text file source ratings to read from file:/Users/akashkulkarni/ResearchCode/MatrixFactorization/svd-assignment/data/ratings.csv
17:58:37.376 DEBUG [main] org.lenskit.data.dao.file.TextEntitySource: ratings: using delimiter ,
17:58:37.376 DEBUG [main] org.lenskit.data.dao.file.TextEntitySource: ratings: reading header
17:58:37.376 DEBUG [main] org.lenskit.data.dao.file.TextEntitySource: ratings: reading entities of type EntityType[rating]
17:58:37.422 DEBUG [main] org.lenskit.data.dao.file.TextEntitySource: class org.lenskit.data.ratings.RatingBuilder: using entity builder {}
17:58:37.422 DEBUG [main] org.lenskit.data.dao.file.TextEntitySource: loading source movies with base URI file:/Users/akashkulkarni/ResearchCode/MatrixFactorization/svd-assignment/data/movielens.yml
17:58:37.422 DEBUG [main] org.lenskit.data.dao.file.TextEntitySource: resolved file URI: file:/Users/akashkulkarni/ResearchCode/MatrixFactorization/svd-assignment/data/movies.csv
17:58:37.422 INFO [main] org.lenskit.data.dao.file.TextEntitySource: loading text file source movies to read from file:/Users/akashkulkarni/ResearchCode/MatrixFactorization/svd-assignment/data/movies.csv
17:58:37.422 DEBUG [main] org.lenskit.data.dao.file.TextEntitySource: movies: using delimiter ,
17:58:37.423 DEBUG [main] org.lenskit.data.dao.file.TextEntitySource: movies: reading header
17:58:37.423 DEBUG [main] org.lenskit.data.dao.file.TextEntitySource: movies: reading entities of type EntityType[item]
17:58:37.423 DEBUG [main] org.lenskit.data.dao.file.TextEntitySource: class org.lenskit.data.entities.BasicEntityBuilder: using entity builder {}
17:58:37.423 DEBUG [main] org.lenskit.data.dao.file.TextEntitySource: loading source tags with base URI file:/Users/akashkulkarni/ResearchCode/MatrixFactorization/svd-assignment/data/movielens.yml
17:58:37.423 DEBUG [main] org.lenskit.data.dao.file.TextEntitySource: resolved file URI: file:/Users/akashkulkarni/ResearchCode/MatrixFactorization/svd-assignment/data/tags.csv
17:58:37.423 INFO [main] org.lenskit.data.dao.file.TextEntitySource: loading text file source tags to read from file:/Users/akashkulkarni/ResearchCode/MatrixFactorization/svd-assignment/data/tags.csv
17:58:37.426 DEBUG [main] org.lenskit.data.dao.file.TextEntitySource: tags: using delimiter ,
17:58:37.426 DEBUG [main] org.lenskit.data.dao.file.TextEntitySource: tags: reading header
17:58:37.427 DEBUG [main] org.lenskit.data.dao.file.TextEntitySource: tags: reading entities of type EntityType[item-tag]
17:58:37.427 DEBUG [main] org.lenskit.data.dao.file.TextEntitySource: class org.lenskit.data.entities.BasicEntityBuilder: using entity builder {}
17:58:37.433 DEBUG [main] org.lenskit.LenskitRecommenderEngineBuilder: building graph from 4 configurations
17:58:37.520 DEBUG [main] org.lenskit.inject.RecommenderInstantiator: replacing nodes in graph with 17 nodes
17:58:37.527 DEBUG [main] org.lenskit.inject.RecommenderInstantiator: found 7 shared nodes
17:58:40.453 INFO [main] org.lenskit.data.dao.file.StaticDataSource: deriving entity type EntityType[user] from EntityType[rating] (column TypedName[user: long])
17:58:40.528 INFO [main] org.lenskit.data.dao.file.StaticDataSource: deriving entity type EntityType[item] from EntityType[rating] (column TypedName[item: long])
17:58:40.598 DEBUG [main] org.lenskit.data.entities.EntityCollectionBuilder: built collection of 2500 entities with type EntityType[item] and 2 indexes
17:58:40.633 DEBUG [main] org.lenskit.data.entities.EntityCollectionBuilder: built collection of 264505 entities with type EntityType[rating] and 2 indexes
17:58:40.654 DEBUG [main] org.lenskit.data.entities.EntityCollectionBuilder: built collection of 94875 entities with type EntityType[item-tag] and 2 indexes
17:58:40.655 DEBUG [main] org.lenskit.data.entities.EntityCollectionBuilder: built collection of 862 entities with type EntityType[user] and 2 indexes
17:58:40.749 INFO [main] org.lenskit.data.ratings.RatingSummaryProvider: summarized 2500 items with 264505 ratings
17:58:41.002 INFO [main] org.lenskit.mooc.svd.SVDModelBuilder: creating 862 by 2500 rating matrix
17:58:41.104 INFO [main] org.lenskit.mooc.svd.SVDModelBuilder: factorizing matrix
17:59:44.709 INFO [main] org.lenskit.mooc.svd.SVDModelBuilder: decomposed matrix has rank 862
17:59:44.713 INFO [main] org.lenskit.mooc.svd.SVDModelBuilder: truncating matrix to 25 features
17:59:44.714 DEBUG [main] org.lenskit.inject.RecommenderInstantiator: final graph has 16 nodes
17:59:44.715 INFO [main] org.lenskit.cli.util.RecommenderLoader: built recommender in 1.121 min
17:59:44.720 INFO [main] org.lenskit.cli.commands.Recommend: recommending for 1 users
17:59:44.723 DEBUG [main] org.lenskit.basic.TopNItemRecommender: computing effective candidates for user 320 from 2500 candidates and 62 excluded items
17:59:44.724 DEBUG [main] org.lenskit.basic.TopNItemRecommender: Computing 10 recommendations for user 320 from 2438 candidates
17:59:44.743 INFO [main] org.lenskit.cli.commands.Recommend: recommended for 1 users in 23.13 ms
17:59:44.744 INFO [main] org.lenskit.cli.Main: If you use LensKit in published research, please see http://lenskit.org/research/
