17:24:01.641 INFO [main] org.lenskit.cli.Main: Starting LensKit 3.0-M2 on Java 1.8.0_144 from Oracle Corporation
17:24:01.672 DEBUG [main] org.lenskit.LenskitInfo: have 5655 active revisions
17:24:01.679 DEBUG [main] org.lenskit.cli.Main: Built from Git revision 0c68ad209f38816e66497a656f777a3c1484778d
17:24:01.679 DEBUG [main] org.lenskit.cli.Main: Using VM 'Java HotSpot(TM) 64-Bit Server VM' version 25.144-b01 from Oracle Corporation
17:24:01.679 INFO [main] org.lenskit.cli.Main: Have 4 processors and heap limit of 3641 MiB
17:24:01.918 DEBUG [main] org.lenskit.data.dao.file.TextEntitySource: loading source ratings with base URI file:/Users/akashkulkarni/ResearchCode/MatrixFactorization/svd-assignment/data/movielens.yml
17:24:01.919 DEBUG [main] org.lenskit.data.dao.file.TextEntitySource: resolved file URI: file:/Users/akashkulkarni/ResearchCode/MatrixFactorization/svd-assignment/data/ratings.csv
17:24:01.931 INFO [main] org.lenskit.data.dao.file.TextEntitySource: loading text file source ratings to read from file:/Users/akashkulkarni/ResearchCode/MatrixFactorization/svd-assignment/data/ratings.csv
17:24:01.936 DEBUG [main] org.lenskit.data.dao.file.TextEntitySource: ratings: using delimiter ,
17:24:01.936 DEBUG [main] org.lenskit.data.dao.file.TextEntitySource: ratings: reading header
17:24:01.936 DEBUG [main] org.lenskit.data.dao.file.TextEntitySource: ratings: reading entities of type EntityType[rating]
17:24:01.983 DEBUG [main] org.lenskit.data.dao.file.TextEntitySource: class org.lenskit.data.ratings.RatingBuilder: using entity builder {}
17:24:01.983 DEBUG [main] org.lenskit.data.dao.file.TextEntitySource: loading source movies with base URI file:/Users/akashkulkarni/ResearchCode/MatrixFactorization/svd-assignment/data/movielens.yml
17:24:01.983 DEBUG [main] org.lenskit.data.dao.file.TextEntitySource: resolved file URI: file:/Users/akashkulkarni/ResearchCode/MatrixFactorization/svd-assignment/data/movies.csv
17:24:01.983 INFO [main] org.lenskit.data.dao.file.TextEntitySource: loading text file source movies to read from file:/Users/akashkulkarni/ResearchCode/MatrixFactorization/svd-assignment/data/movies.csv
17:24:01.983 DEBUG [main] org.lenskit.data.dao.file.TextEntitySource: movies: using delimiter ,
17:24:01.984 DEBUG [main] org.lenskit.data.dao.file.TextEntitySource: movies: reading header
17:24:01.984 DEBUG [main] org.lenskit.data.dao.file.TextEntitySource: movies: reading entities of type EntityType[item]
17:24:01.984 DEBUG [main] org.lenskit.data.dao.file.TextEntitySource: class org.lenskit.data.entities.BasicEntityBuilder: using entity builder {}
17:24:01.984 DEBUG [main] org.lenskit.data.dao.file.TextEntitySource: loading source tags with base URI file:/Users/akashkulkarni/ResearchCode/MatrixFactorization/svd-assignment/data/movielens.yml
17:24:01.984 DEBUG [main] org.lenskit.data.dao.file.TextEntitySource: resolved file URI: file:/Users/akashkulkarni/ResearchCode/MatrixFactorization/svd-assignment/data/tags.csv
17:24:01.984 INFO [main] org.lenskit.data.dao.file.TextEntitySource: loading text file source tags to read from file:/Users/akashkulkarni/ResearchCode/MatrixFactorization/svd-assignment/data/tags.csv
17:24:01.985 DEBUG [main] org.lenskit.data.dao.file.TextEntitySource: tags: using delimiter ,
17:24:01.985 DEBUG [main] org.lenskit.data.dao.file.TextEntitySource: tags: reading header
17:24:01.985 DEBUG [main] org.lenskit.data.dao.file.TextEntitySource: tags: reading entities of type EntityType[item-tag]
17:24:01.985 DEBUG [main] org.lenskit.data.dao.file.TextEntitySource: class org.lenskit.data.entities.BasicEntityBuilder: using entity builder {}
17:24:02.242 INFO [main] org.lenskit.config.ConfigurationLoader: loading script from file:/Users/akashkulkarni/ResearchCode/MatrixFactorization/svd-assignment/etc/svd.groovy
17:24:02.564 INFO [main] org.lenskit.config.ConfigurationLoader: loading script from file:/Users/akashkulkarni/ResearchCode/MatrixFactorization/svd-assignment/etc/user-item-bias.groovy
17:24:02.592 DEBUG [main] org.lenskit.LenskitRecommenderEngineBuilder: building graph from 3 configurations
17:24:02.693 DEBUG [main] org.lenskit.inject.RecommenderInstantiator: replacing nodes in graph with 16 nodes
17:24:02.696 DEBUG [main] org.lenskit.inject.RecommenderInstantiator: found 7 shared nodes
17:24:06.554 INFO [main] org.lenskit.data.dao.file.StaticDataSource: deriving entity type EntityType[user] from EntityType[rating] (column TypedName[user: long])
17:24:06.693 INFO [main] org.lenskit.data.dao.file.StaticDataSource: deriving entity type EntityType[item] from EntityType[rating] (column TypedName[item: long])
17:24:06.762 DEBUG [main] org.lenskit.data.entities.EntityCollectionBuilder: built collection of 2500 entities with type EntityType[item] and 2 indexes
17:24:06.815 DEBUG [main] org.lenskit.data.entities.EntityCollectionBuilder: built collection of 264505 entities with type EntityType[rating] and 2 indexes
17:24:06.838 DEBUG [main] org.lenskit.data.entities.EntityCollectionBuilder: built collection of 94875 entities with type EntityType[item-tag] and 2 indexes
17:24:06.839 DEBUG [main] org.lenskit.data.entities.EntityCollectionBuilder: built collection of 862 entities with type EntityType[user] and 2 indexes
17:24:07.062 INFO [main] org.lenskit.data.ratings.RatingSummaryProvider: summarized 2500 items with 264505 ratings
17:24:07.457 INFO [main] org.lenskit.mooc.svd.SVDModelBuilder: creating 862 by 2500 rating matrix
17:24:07.641 INFO [main] org.lenskit.mooc.svd.SVDModelBuilder: factorizing matrix
